C:\Program Files\Microsoft Visual Studio\2022\Preview\MSBuild\Microsoft\VC\v150\Platforms\Win32\PlatformToolsets\v141_xp\Toolset.targets(39,5): warning MSB8051: Support for targeting Windows XP is deprecated and will not be present in future releases of Visual Studio. Please see https://go.microsoft.com/fwlink/?linkid=2023588 for more information.
C:\Program Files\Microsoft Visual Studio\2022\Preview\MSBuild\Microsoft\VC\v150\Microsoft.CppBuild.targets(391,5): warning MSB8028: The intermediate directory (Release\) contains files shared from another project (OpprimoBot.vcxproj).  This can lead to incorrect clean and rebuild behavior.
  AIloop.cpp
  NEATOCommander.cpp
  NEATOSquad.cpp
  Squad.cpp
  StrategySelector.cpp
  BuildingPlacer.cpp
c:\users\ylee5\documents\starcraft_research\neat-obot\scprojects\opprimobot\source\managers\buildingplacer.cpp(730): warning C4996: 'BWAPI::Race::getCenter': getCenter() was renamed to getResourceDepot()
  c:\users\ylee5\documents\starcraft_research\bwapi4_4\include\bwapi\race.h(70): note: see declaration of 'BWAPI::Race::getCenter'
  Constructor.cpp
c:\users\ylee5\documents\starcraft_research\neat-obot\scprojects\opprimobot\source\managers\constructor.cpp(72): warning C4996: 'BWAPI::Race::getCenter': getCenter() was renamed to getResourceDepot()
  c:\users\ylee5\documents\starcraft_research\bwapi4_4\include\bwapi\race.h(70): note: see declaration of 'BWAPI::Race::getCenter'
  NEATOBuildplanEntry.cpp
  NEATOConstructor.cpp
  NexusAgent.cpp
  StructureAgent.cpp
  DarkArchonAgent.cpp
  DarkTemplarAgent.cpp
     Creating library Release\NEAT-OBot.lib and object Release\NEAT-OBot.exp
StrategySelector.obj : error LNK2001: unresolved external symbol "public: __thiscall NEATOCommander::NEATOCommander(void)" (??0NEATOCommander@@QAE@XZ)
C:\Users\ylee5\Documents\Starcraft_Research\NEAT-OBot\SCProjects\Release\NEAT-OBot.dll : fatal error LNK1120: 1 unresolved externals
